<?xml version="1.0" encoding="UTF-8"?>
<testsuite name="edu.umn.cs.csci3081w.project.model.DieselTrainTest" tests="3" skipped="0" failures="0" errors="0" timestamp="2023-05-04T14:31:28" hostname="MacBook-Pro-3.local" time="0.004">
  <properties/>
  <testcase name="testCurrentCO2Emission()" classname="edu.umn.cs.csci3081w.project.model.DieselTrainTest" time="0.001"/>
  <testcase name="testReport()" classname="edu.umn.cs.csci3081w.project.model.DieselTrainTest" time="0.002"/>
  <testcase name="testConstructor()" classname="edu.umn.cs.csci3081w.project.model.DieselTrainTest" time="0.001"/>
  <system-out><![CDATA[]]></system-out>
  <system-err><![CDATA[]]></system-err>
</testsuite>
