<?xml version="1.0" encoding="UTF-8"?>
<testsuite name="edu.umn.cs.csci3081w.project.model.StorageFacilityTest" tests="10" skipped="0" failures="0" errors="0" timestamp="2023-05-04T14:31:29" hostname="MacBook-Pro-3.local" time="0.012">
  <properties/>
  <testcase name="testDecrementElectricTrainsNum()" classname="edu.umn.cs.csci3081w.project.model.StorageFacilityTest" time="0.001"/>
  <testcase name="testIncrementDieselTrainsNum()" classname="edu.umn.cs.csci3081w.project.model.StorageFacilityTest" time="0.0"/>
  <testcase name="testConstructor2()" classname="edu.umn.cs.csci3081w.project.model.StorageFacilityTest" time="0.001"/>
  <testcase name="testDecrementSmallBusesNum()" classname="edu.umn.cs.csci3081w.project.model.StorageFacilityTest" time="0.0"/>
  <testcase name="testIncrementSmallBusesNum()" classname="edu.umn.cs.csci3081w.project.model.StorageFacilityTest" time="0.0"/>
  <testcase name="testDecrementLargeBusesNum()" classname="edu.umn.cs.csci3081w.project.model.StorageFacilityTest" time="0.0"/>
  <testcase name="testIncrementLargeBusesNum()" classname="edu.umn.cs.csci3081w.project.model.StorageFacilityTest" time="0.001"/>
  <testcase name="testDecrementDieselTrainsNum()" classname="edu.umn.cs.csci3081w.project.model.StorageFacilityTest" time="0.0"/>
  <testcase name="testIncrementElectricTrainsNum()" classname="edu.umn.cs.csci3081w.project.model.StorageFacilityTest" time="0.0"/>
  <testcase name="testConstructor()" classname="edu.umn.cs.csci3081w.project.model.StorageFacilityTest" time="0.002"/>
  <system-out><![CDATA[]]></system-out>
  <system-err><![CDATA[]]></system-err>
</testsuite>
