<?xml version="1.0" encoding="UTF-8"?>
<testsuite name="edu.umn.cs.csci3081w.project.model.TrainStrategyNightTest" tests="4" skipped="0" failures="0" errors="0" timestamp="2023-05-04T14:31:28" hostname="MacBook-Pro-3.local" time="0.002">
  <properties/>
  <testcase name="testGetTypeOfVehicleNoDiesel()" classname="edu.umn.cs.csci3081w.project.model.TrainStrategyNightTest" time="0.0"/>
  <testcase name="testGetTypeOfVehicle()" classname="edu.umn.cs.csci3081w.project.model.TrainStrategyNightTest" time="0.001"/>
  <testcase name="testGetTypeOfVehicleNoElectric()" classname="edu.umn.cs.csci3081w.project.model.TrainStrategyNightTest" time="0.0"/>
  <testcase name="testConstructor()" classname="edu.umn.cs.csci3081w.project.model.TrainStrategyNightTest" time="0.0"/>
  <system-out><![CDATA[]]></system-out>
  <system-err><![CDATA[]]></system-err>
</testsuite>
