<?xml version="1.0" encoding="UTF-8"?>
<testsuite name="edu.umn.cs.csci3081w.project.model.LineTest" tests="9" skipped="0" failures="0" errors="0" timestamp="2023-05-04T14:31:29" hostname="MacBook-Pro-3.local" time="0.082">
  <properties/>
  <testcase name="testCreateIssue()" classname="edu.umn.cs.csci3081w.project.model.LineTest" time="0.001"/>
  <testcase name="testUpdateWithResolvedIssue()" classname="edu.umn.cs.csci3081w.project.model.LineTest" time="0.001"/>
  <testcase name="testNoIssueExist()" classname="edu.umn.cs.csci3081w.project.model.LineTest" time="0.075"/>
  <testcase name="testUpdateWithoutIssue()" classname="edu.umn.cs.csci3081w.project.model.LineTest" time="0.0"/>
  <testcase name="testShallowCopy()" classname="edu.umn.cs.csci3081w.project.model.LineTest" time="0.001"/>
  <testcase name="testIsIssueExist()" classname="edu.umn.cs.csci3081w.project.model.LineTest" time="0.001"/>
  <testcase name="testReport()" classname="edu.umn.cs.csci3081w.project.model.LineTest" time="0.001"/>
  <testcase name="testUpdateWithIssue()" classname="edu.umn.cs.csci3081w.project.model.LineTest" time="0.001"/>
  <testcase name="testConstructor()" classname="edu.umn.cs.csci3081w.project.model.LineTest" time="0.0"/>
  <system-out><![CDATA[]]></system-out>
  <system-err><![CDATA[]]></system-err>
</testsuite>
