<?xml version="1.0" encoding="UTF-8"?>
<testsuite name="edu.umn.cs.csci3081w.project.webserver.ConfigManagerTest" tests="3" skipped="0" failures="0" errors="0" timestamp="2023-05-04T14:31:27" hostname="MacBook-Pro-3.local" time="0.061">
  <properties/>
  <testcase name="testReadConfig()" classname="edu.umn.cs.csci3081w.project.webserver.ConfigManagerTest" time="0.054"/>
  <testcase name="testConstructorNormal()" classname="edu.umn.cs.csci3081w.project.webserver.ConfigManagerTest" time="0.003"/>
  <testcase name="testReadConfigSpecialCase()" classname="edu.umn.cs.csci3081w.project.webserver.ConfigManagerTest" time="0.003"/>
  <system-out><![CDATA[]]></system-out>
  <system-err><![CDATA[]]></system-err>
</testsuite>
