<?xml version="1.0" encoding="UTF-8"?>
<testsuite name="edu.umn.cs.csci3081w.project.model.BusStrategyDayTest" tests="4" skipped="0" failures="0" errors="0" timestamp="2023-05-04T14:31:29" hostname="MacBook-Pro-3.local" time="0.005">
  <properties/>
  <testcase name="testGetTypeOfVehicleNoLarge()" classname="edu.umn.cs.csci3081w.project.model.BusStrategyDayTest" time="0.002"/>
  <testcase name="testGetTypeOfVehicleNoSmall()" classname="edu.umn.cs.csci3081w.project.model.BusStrategyDayTest" time="0.001"/>
  <testcase name="testGetTypeOfVehicle()" classname="edu.umn.cs.csci3081w.project.model.BusStrategyDayTest" time="0.0"/>
  <testcase name="testConstructor()" classname="edu.umn.cs.csci3081w.project.model.BusStrategyDayTest" time="0.0"/>
  <system-out><![CDATA[]]></system-out>
  <system-err><![CDATA[]]></system-err>
</testsuite>
