<?xml version="1.0" encoding="UTF-8"?>
<testsuite name="edu.umn.cs.csci3081w.project.model.StopTest" tests="9" skipped="0" failures="0" errors="0" timestamp="2023-05-04T14:31:29" hostname="MacBook-Pro-3.local" time="0.013">
  <properties/>
  <testcase name="testAddPassengers()" classname="edu.umn.cs.csci3081w.project.model.StopTest" time="0.001"/>
  <testcase name="testConstructorNormal()" classname="edu.umn.cs.csci3081w.project.model.StopTest" time="0.0"/>
  <testcase name="testLoadPassengersEmptyStopEmptyBus()" classname="edu.umn.cs.csci3081w.project.model.StopTest" time="0.001"/>
  <testcase name="testLoadPassengersEmptyStopFullBus()" classname="edu.umn.cs.csci3081w.project.model.StopTest" time="0.001"/>
  <testcase name="testLoadPassengersNonEmptyStopFullBus()" classname="edu.umn.cs.csci3081w.project.model.StopTest" time="0.002"/>
  <testcase name="testStopReportWithPassenger()" classname="edu.umn.cs.csci3081w.project.model.StopTest" time="0.0"/>
  <testcase name="testLoadPassengersNonEmptyStopEmptyBus()" classname="edu.umn.cs.csci3081w.project.model.StopTest" time="0.0"/>
  <testcase name="testStopReportNoPassengers()" classname="edu.umn.cs.csci3081w.project.model.StopTest" time="0.0"/>
  <testcase name="testUpdate()" classname="edu.umn.cs.csci3081w.project.model.StopTest" time="0.001"/>
  <system-out><![CDATA[]]></system-out>
  <system-err><![CDATA[]]></system-err>
</testsuite>
