<?xml version="1.0" encoding="UTF-8"?>
<testsuite name="edu.umn.cs.csci3081w.project.model.ColorDecoratorTest" tests="9" skipped="0" failures="0" errors="0" timestamp="2023-05-04T14:31:28" hostname="MacBook-Pro-3.local" time="0.024">
  <properties/>
  <testcase name="testCurrentCO2Emission()" classname="edu.umn.cs.csci3081w.project.model.ColorDecoratorTest" time="0.001"/>
  <testcase name="testGetColor()" classname="edu.umn.cs.csci3081w.project.model.ColorDecoratorTest" time="0.005"/>
  <testcase name="testMove()" classname="edu.umn.cs.csci3081w.project.model.ColorDecoratorTest" time="0.001"/>
  <testcase name="testConstructorNormal()" classname="edu.umn.cs.csci3081w.project.model.ColorDecoratorTest" time="0.001"/>
  <testcase name="testIsTripComplete()" classname="edu.umn.cs.csci3081w.project.model.ColorDecoratorTest" time="0.0"/>
  <testcase name="testProvideInfo()" classname="edu.umn.cs.csci3081w.project.model.ColorDecoratorTest" time="0.007"/>
  <testcase name="testReport()" classname="edu.umn.cs.csci3081w.project.model.ColorDecoratorTest" time="0.002"/>
  <testcase name="testUpdate()" classname="edu.umn.cs.csci3081w.project.model.ColorDecoratorTest" time="0.001"/>
  <testcase name="testLoadPassenger()" classname="edu.umn.cs.csci3081w.project.model.ColorDecoratorTest" time="0.002"/>
  <system-out><![CDATA[class loaded class edu.umn.cs.csci3081w.project.webserver.WebServerSession$MockitoMock$1708097544
session opened
////Simulation Lines////
====Line Info Start====
ID: 10000
Name: Campus Connector
Type: BUS_LINE
####Route Info Start####
ID: 10
Name: East Bound
Num stops: 8
****Stops Info Start****
++++Next Stop Info Start++++
####Stop Info Start####
ID: 100
Name: Blegen Hall
Position: 44.972392,-93.243774
****Passengers Info Start****
Num passengers waiting: 0
****Passengers Info End****
####Stop Info End####
++++Next Stop Info End++++
####Stop Info Start####
ID: 101
Name: Coffman
Position: 44.97358,-93.235071
****Passengers Info Start****
Num passengers waiting: 0
****Passengers Info End****
####Stop Info End####
####Stop Info Start####
ID: 102
Name: Oak Street at University Avenue
Position: 44.975392,-93.226632
****Passengers Info Start****
Num passengers waiting: 0
****Passengers Info End****
####Stop Info End####
####Stop Info Start####
ID: 103
Name: Transitway at 23rd Avenue SE
Position: 44.975837,-93.222174
****Passengers Info Start****
Num passengers waiting: 0
****Passengers Info End****
####Stop Info End####
####Stop Info Start####
ID: 104
Name: Transitway at Commonwealth Avenue
Position: 44.980753,-93.180669
****Passengers Info Start****
Num passengers waiting: 0
****Passengers Info End****
####Stop Info End####
####Stop Info Start####
ID: 105
Name: State Fairgrounds Lot S-108
Position: 44.983375,-93.17881
****Passengers Info Start****
Num passengers waiting: 0
****Passengers Info End****
####Stop Info End####
####Stop Info Start####
ID: 106
Name: Buford at Gortner Avenue
Position: 44.98454,-93.181692
****Passengers Info Start****
Num passengers waiting: 0
****Passengers Info End****
####Stop Info End####
####Stop Info Start####
ID: 107
Name: St. Paul Student Center
Position: 44.98463,-93.186352
****Passengers Info Start****
Num passengers waiting: 0
****Passengers Info End****
####Stop Info End####
****Stops Info End****
####Route Info End####
####Route Info Start####
ID: 11
Name: West Bound
Num stops: 9
****Stops Info Start****
++++Next Stop Info Start++++
####Stop Info Start####
ID: 108
Name: St. Paul Student Center
Position: 44.98463,-93.186352
****Passengers Info Start****
Num passengers waiting: 0
****Passengers Info End****
####Stop Info End####
++++Next Stop Info End++++
####Stop Info Start####
ID: 109
Name: Buford at Gortner Avenue
Position: 44.984482,-93.181657
****Passengers Info Start****
Num passengers waiting: 0
****Passengers Info End****
####Stop Info End####
####Stop Info Start####
ID: 110
Name: State Fairgrounds Lot S-108
Position: 44.983703,-93.178846
****Passengers Info Start****
Num passengers waiting: 0
****Passengers Info End****
####Stop Info End####
####Stop Info Start####
ID: 111
Name: Transitway at Commonwealth Avenue
Position: 44.980663,-93.180808
****Passengers Info Start****
Num passengers waiting: 0
****Passengers Info End****
####Stop Info End####
####Stop Info Start####
ID: 112
Name: Thompson Center & 23rd Avenue SE
Position: 44.976397,-93.221801
****Passengers Info Start****
Num passengers waiting: 0
****Passengers Info End****
####Stop Info End####
####Stop Info Start####
ID: 113
Name: Ridder Arena
Position: 44.978058,-93.229176
****Passengers Info Start****
Num passengers waiting: 0
****Passengers Info End****
####Stop Info End####
####Stop Info Start####
ID: 114
Name: Pleasant Street at Jones-Eddy Circle
Position: 44.978366,-93.236038
****Passengers Info Start****
Num passengers waiting: 0
****Passengers Info End****
####Stop Info End####
####Stop Info Start####
ID: 115
Name: Bruininks Hall
Position: 44.974549,-93.236927
****Passengers Info Start****
Num passengers waiting: 0
****Passengers Info End****
####Stop Info End####
####Stop Info Start####
ID: 116
Name: Blegen Hall
Position: 44.972638,-93.243591
****Passengers Info Start****
Num passengers waiting: 0
****Passengers Info End****
####Stop Info End####
****Stops Info End****
####Route Info End####
====Line Info End====
====Line Info Start====
ID: 10001
Name: Express Train
Type: TRAIN_LINE
####Route Info Start####
ID: 12
Name: East Bound Train
Num stops: 3
****Stops Info Start****
++++Next Stop Info Start++++
####Stop Info Start####
ID: 117
Name: Stadium Village
Position: 44.974769,-93.22277
****Passengers Info Start****
Num passengers waiting: 0
****Passengers Info End****
####Stop Info End####
++++Next Stop Info End++++
####Stop Info Start####
ID: 118
Name: Water Tower
Position: 44.969139,-93.210371
****Passengers Info Start****
Num passengers waiting: 0
****Passengers Info End****
####Stop Info End####
####Stop Info Start####
ID: 119
Name: Raymond
Position: 44.963552,-93.195403
****Passengers Info Start****
Num passengers waiting: 0
****Passengers Info End****
####Stop Info End####
****Stops Info End****
####Route Info End####
####Route Info Start####
ID: 13
Name: West Bound Train
Num stops: 3
****Stops Info Start****
++++Next Stop Info Start++++
####Stop Info Start####
ID: 120
Name: Raymond
Position: 44.963552,-93.195403
****Passengers Info Start****
Num passengers waiting: 0
****Passengers Info End****
####Stop Info End####
++++Next Stop Info End++++
####Stop Info Start####
ID: 121
Name: Water Tower
Position: 44.968721,-93.209862
****Passengers Info Start****
Num passengers waiting: 0
****Passengers Info End****
####Stop Info End####
####Stop Info Start####
ID: 122
Name: Stadium Village
Position: 44.974769,-93.22277
****Passengers Info Start****
Num passengers waiting: 0
****Passengers Info End****
####Stop Info End####
****Stops Info End****
####Route Info End####
====Line Info End====
]]></system-out>
  <system-err><![CDATA[]]></system-err>
</testsuite>
