<?xml version="1.0" encoding="UTF-8"?>
<testsuite name="edu.umn.cs.csci3081w.project.model.BusFactoryTest" tests="9" skipped="0" failures="0" errors="0" timestamp="2023-05-04T14:31:29" hostname="MacBook-Pro-3.local" time="0.01">
  <properties/>
  <testcase name="testGenerateVehicleSmallEarly()" classname="edu.umn.cs.csci3081w.project.model.BusFactoryTest" time="0.002"/>
  <testcase name="testGenerateVehicleNull()" classname="edu.umn.cs.csci3081w.project.model.BusFactoryTest" time="0.001"/>
  <testcase name="testGenerateVehicleLarge()" classname="edu.umn.cs.csci3081w.project.model.BusFactoryTest" time="0.001"/>
  <testcase name="testReturnVehicleTrain()" classname="edu.umn.cs.csci3081w.project.model.BusFactoryTest" time="0.0"/>
  <testcase name="testReturnVehicleLargeBus()" classname="edu.umn.cs.csci3081w.project.model.BusFactoryTest" time="0.0"/>
  <testcase name="testReturnVehicleSmallBus()" classname="edu.umn.cs.csci3081w.project.model.BusFactoryTest" time="0.001"/>
  <testcase name="testReturnVehicleNull()" classname="edu.umn.cs.csci3081w.project.model.BusFactoryTest" time="0.0"/>
  <testcase name="testGenerateVehicleSmallLate()" classname="edu.umn.cs.csci3081w.project.model.BusFactoryTest" time="0.002"/>
  <testcase name="testConstructor()" classname="edu.umn.cs.csci3081w.project.model.BusFactoryTest" time="0.001"/>
  <system-out><![CDATA[]]></system-out>
  <system-err><![CDATA[]]></system-err>
</testsuite>
